app/build/intermediates/manifest_merge_blame_file/debug/manifest-merger-blame-debug-report.txt
1<?xml version="1.0" encoding="utf-8"?>
2<manifest xmlns:android="http://schemas.android.com/apk/res/android"
3    package="com.philipowino.medicalhealthtracker"
4    android:versionCode="1"
5    android:versionName="1.0" >
6
7    <uses-sdk
8        android:minSdkVersion="21"
8-->src/main/AndroidManifest.xml
9        android:targetSdkVersion="31" />
9-->src/main/AndroidManifest.xml
10
11    <application
11-->src/main/AndroidManifest.xml:5:5-38:19
12        android:allowBackup="true"
12-->src/main/AndroidManifest.xml:6:9-35
13        android:appComponentFactory="androidx.core.app.CoreComponentFactory"
13-->[androidx.core:core:1.5.0] AndroidManifest.xml:24:18-86
14        android:debuggable="true"
15        android:icon="@mipmap/ic_launcher"
15-->src/main/AndroidManifest.xml:7:9-43
16        android:label="@string/app_name"
16-->src/main/AndroidManifest.xml:8:9-41
17        android:roundIcon="@mipmap/ic_launcher_round"
17-->src/main/AndroidManifest.xml:9:9-54
18        android:supportsRtl="true"
18-->src/main/AndroidManifest.xml:10:9-35
19        android:testOnly="true"
20        android:theme="@style/Theme.MedicalHealthTracker" >
20-->src/main/AndroidManifest.xml:11:9-58
21        <activity
21-->src/main/AndroidManifest.xml:12:9-14:39
22            android:name="com.philipowino.medicalhealthtracker.BmiResultActivity"
22-->src/main/AndroidManifest.xml:13:13-46
23            android:exported="true" />
23-->src/main/AndroidManifest.xml:14:13-36
24        <activity
24-->src/main/AndroidManifest.xml:15:9-21:20
25            android:name="com.philipowino.medicalhealthtracker.EddActivity"
25-->src/main/AndroidManifest.xml:16:13-40
26            android:exported="true" >
26-->src/main/AndroidManifest.xml:17:13-36
27            <meta-data
27-->src/main/AndroidManifest.xml:18:13-20:59
28                android:name="android.support.PARENT_ACTIVITY"
28-->src/main/AndroidManifest.xml:19:17-63
29                android:value=".MainActivity" />
29-->src/main/AndroidManifest.xml:20:17-46
30        </activity>
31        <activity
31-->src/main/AndroidManifest.xml:22:9-28:20
32            android:name="com.philipowino.medicalhealthtracker.BmiActivity"
32-->src/main/AndroidManifest.xml:23:13-40
33            android:exported="true" >
33-->src/main/AndroidManifest.xml:24:13-36
34            <meta-data
34-->src/main/AndroidManifest.xml:18:13-20:59
35                android:name="android.support.PARENT_ACTIVITY"
35-->src/main/AndroidManifest.xml:19:17-63
36                android:value=".MainActivity" />
36-->src/main/AndroidManifest.xml:20:17-46
37        </activity>
38        <activity
38-->src/main/AndroidManifest.xml:29:9-37:20
39            android:name="com.philipowino.medicalhealthtracker.MainActivity"
39-->src/main/AndroidManifest.xml:30:13-41
40            android:exported="true" >
40-->src/main/AndroidManifest.xml:31:13-36
41            <intent-filter>
41-->src/main/AndroidManifest.xml:32:13-36:29
42                <action android:name="android.intent.action.MAIN" />
42-->src/main/AndroidManifest.xml:33:17-69
42-->src/main/AndroidManifest.xml:33:25-66
43
44                <category android:name="android.intent.category.LAUNCHER" />
44-->src/main/AndroidManifest.xml:35:17-77
44-->src/main/AndroidManifest.xml:35:27-74
45            </intent-filter>
46        </activity>
47    </application>
48
49</manifest>